<?xml version="1.0" encoding="UTF-8"?>
<testng-results skipped="0" failed="0" ignored="0" total="0" passed="0">
  <reporter-output>
  </reporter-output>
  <suite name="Default suite" duration-ms="2960" started-at="2022-07-17T00:14:48 IST" finished-at="2022-07-17T00:14:51 IST">
    <groups>
      <group name="cucumber">
        <method signature="CustomizeTestNGCucumberRunner.runScenario(io.cucumber.testng.PickleWrapper, io.cucumber.testng.FeatureWrapper)[pri:0, instance:Runner.MyTestRunner@6b57696f]" name="runScenario" class="Base.CustomizeTestNGCucumberRunner"/>
      </group> <!-- cucumber -->
    </groups>
    <test name="Default test" duration-ms="2960" started-at="2022-07-17T00:14:48 IST" finished-at="2022-07-17T00:14:51 IST">
      <class name="Runner.MyTestRunner">
        <test-method status="PASS" signature="setUpClass()[pri:0, instance:Runner.MyTestRunner@6b57696f]" name="setUpClass" is-config="true" duration-ms="2023" started-at="2022-07-17T00:14:48 IST" finished-at="2022-07-17T00:14:50 IST">
          <reporter-output>
          </reporter-output>
        </test-method> <!-- setUpClass -->
        <test-method status="PASS" signature="tearDownClass()[pri:0, instance:Runner.MyTestRunner@6b57696f]" name="tearDownClass" is-config="true" duration-ms="879" started-at="2022-07-17T00:14:50 IST" finished-at="2022-07-17T00:14:51 IST">
          <reporter-output>
          </reporter-output>
        </test-method> <!-- tearDownClass -->
      </class> <!-- Runner.MyTestRunner -->
    </test> <!-- Default test -->
  </suite> <!-- Default suite -->
</testng-results>
